#
# There is insufficient memory for the Java Runtime Environment to continue.
# Native memory allocation (malloc) failed to allocate 1579664 bytes for Chunk::new
# Possible reasons:
#   The system is out of physical RAM or swap space
#   In 32 bit mode, the process size limit was hit
# Possible solutions:
#   Reduce memory load on the system
#   Increase physical memory or swap space
#   Check if swap backing store is full
#   Use 64 bit Java on a 64 bit OS
#   Decrease Java heap size (-Xmx/-Xms)
#   Decrease number of Java threads
#   Decrease Java thread stack sizes (-Xss)
#   Set larger code cache with -XX:ReservedCodeCacheSize=
# This output file may be truncated or incomplete.
#
#  Out of Memory Error (allocation.cpp:390), pid=11152, tid=0x0000000000000684
#
# JRE version: Java(TM) SE Runtime Environment (8.0_144-b01) (build 1.8.0_144-b01)
# Java VM: Java HotSpot(TM) 64-Bit Server VM (25.144-b01 mixed mode windows-amd64 compressed oops)
# Failed to write core dump. Minidumps are not enabled by default on client versions of Windows
#

---------------  T H R E A D  ---------------

Current thread (0x00000000171d5000):  JavaThread "C2 CompilerThread0" daemon [_thread_in_native, id=1668, stack(0x0000000018830000,0x0000000018930000)]

Stack: [0x0000000018830000,0x0000000018930000]
[error occurred during error reporting (printing stack bounds), id 0xc0000005]

Native frames: (J=compiled Java code, j=interpreted, Vv=VM code, C=native code)


Current CompileTask:
C2:   6948 3956       4       org.springframework.asm.ClassReader::readCode (3619 bytes)


---------------  P R O C E S S  ---------------

Java Threads: ( => current thread )
  0x000000001d487000 JavaThread "HikariPool-1 housekeeper" daemon [_thread_blocked, id=2760, stack(0x0000000021620000,0x0000000021720000)]
  0x000000001d48c000 JavaThread "PostgreSQL-JDBC-SharedTimer-1" daemon [_thread_blocked, id=1252, stack(0x0000000020550000,0x0000000020650000)]
  0x000000001e559000 JavaThread "container-0" [_thread_blocked, id=12220, stack(0x000000001e340000,0x000000001e440000)]
  0x0000000019619800 JavaThread "ContainerBackgroundProcessor[StandardEngine[Tomcat]]" daemon [_thread_blocked, id=10268, stack(0x000000001d190000,0x000000001d290000)]
  0x000000001bd0d800 JavaThread "localhost-startStop-1" daemon [_thread_blocked, id=4076, stack(0x000000001c530000,0x000000001c630000)]
  0x0000000019f74000 JavaThread "Tomcat-startStop-1" daemon [_thread_blocked, id=2924, stack(0x0000000019a90000,0x0000000019b90000)]
  0x0000000018b68800 JavaThread "Service Thread" daemon [_thread_blocked, id=10716, stack(0x0000000018f30000,0x0000000019030000)]
  0x00000000171de000 JavaThread "C1 CompilerThread2" daemon [_thread_blocked, id=3228, stack(0x0000000018a30000,0x0000000018b30000)]
  0x00000000171d7800 JavaThread "C2 CompilerThread1" daemon [_thread_in_native, id=1904, stack(0x0000000018930000,0x0000000018a30000)]
=>0x00000000171d5000 JavaThread "C2 CompilerThread0" daemon [_thread_in_native, id=1668, stack(0x0000000018830000,0x0000000018930000)]
  0x00000000171d4000 JavaThread "Attach Listener" daemon [_thread_blocked, id=10388, stack(0x0000000018730000,0x0000000018830000)]
  0x00000000171d0800 JavaThread "Signal Dispatcher" daemon [_thread_blocked, id=6516, stack(0x0000000018630000,0x0000000018730000)]
  0x00000000171c0000 JavaThread "Finalizer" daemon [_thread_blocked, id=10800, stack(0x0000000018420000,0x0000000018520000)]
  0x0000000002676000 JavaThread "Reference Handler" daemon [_thread_blocked, id=1400, stack(0x0000000018320000,0x0000000018420000)]
  0x0000000002585800 JavaThread "main" [_thread_in_native, id=10580, stack(0x0000000002480000,0x0000000002580000)]

Other Threads:
  0x0000000017196800 VMThread [stack: 0x0000000018220000,0x0000000018320000] [id=7768]
  0x000000001722e800 WatcherThread [stack: 0x0000000019190000,0x0000000019290000] [id=1836]

VM state:not at safepoint (normal execution)

VM Mutex/Monitor currently owned by a thread: None

Heap:
 PSYoungGen      total 273408K, used 148655K [0x00000000d5d80000, 0x00000000ee200000, 0x0000000100000000)
  eden space 259072K, 57% used [0x00000000d5d80000,0x00000000deeabef0,0x00000000e5a80000)
  from space 14336K, 0% used [0x00000000e5a80000,0x00000000e5a80000,0x00000000e6880000)
  to   space 14336K, 0% used [0x00000000ed400000,0x00000000ed400000,0x00000000ee200000)
 ParOldGen       total 52736K, used 14064K [0x0000000081800000, 0x0000000084b80000, 0x00000000d5d80000)
  object space 52736K, 26% used [0x0000000081800000,0x00000000825bc368,0x0000000084b80000)
 Metaspace       used 40067K, capacity 41691K, committed 42024K, reserved 1085440K
  class space    used 5258K, capacity 5580K, committed 5672K, reserved 1048576K

Card table byte_map: [0x0000000011a40000,0x0000000011e40000] byte_map_base: 0x0000000011634000

Marking Bits: (ParMarkBitMap*) 0x00000000769cd850
 Begin Bits: [0x00000000124f0000, 0x0000000014490000)
 End Bits:   [0x0000000014490000, 0x0000000016430000)

Polling page: 0x0000000000760000

CodeCache: size=245760Kb used=11931Kb max_used=13604Kb free=233828Kb
 bounds [0x0000000002680000, 0x00000000033d0000, 0x0000000011680000]
 total_blobs=3914 nmethods=3478 adapters=347
 compilation: enabled

Compilation events (10 events):
Event: 6.908 Thread 0x00000000171de000 4012       2       java.io.ExpiringCache$1::removeEldestEntry (20 bytes)
Event: 6.909 Thread 0x00000000171de000 nmethod 4012 0x0000000002fe8910 code [0x0000000002fe8a60, 0x0000000002fe8bd0]
Event: 6.909 Thread 0x00000000171de000 4013       1       java.io.ExpiringCache::access$000 (5 bytes)
Event: 6.909 Thread 0x00000000171de000 nmethod 4013 0x0000000002c4dc10 code [0x0000000002c4dd60, 0x0000000002c4de50]
Event: 6.909 Thread 0x00000000171de000 4015       2       java.io.File::<init> (198 bytes)
Event: 6.911 Thread 0x00000000171de000 nmethod 4015 0x0000000002945250 code [0x00000000029454c0, 0x0000000002945dc8]
Event: 6.911 Thread 0x00000000171de000 4016       2       java.net.URI::isOpaque (13 bytes)
Event: 6.911 Thread 0x00000000171de000 nmethod 4016 0x0000000002d54410 code [0x0000000002d54560, 0x0000000002d546d0]
Event: 6.911 Thread 0x00000000171de000 4017       2       java.io.WinNTFileSystem::fromURIPath (89 bytes)
Event: 6.912 Thread 0x00000000171de000 nmethod 4017 0x00000000027f0890 code [0x00000000027f0a60, 0x00000000027f0e38]

GC Heap History (10 events):
Event: 1.748 GC heap before
{Heap before GC invocations=5 (full 0):
 PSYoungGen      total 138240K, used 9443K [0x00000000d5d80000, 0x00000000de980000, 0x0000000100000000)
  eden space 133120K, 3% used [0x00000000d5d80000,0x00000000d61c0f28,0x00000000ddf80000)
  from space 5120K, 99% used [0x00000000de480000,0x00000000de978008,0x00000000de980000)
  to   space 5120K, 0% used [0x00000000ddf80000,0x00000000ddf80000,0x00000000de480000)
 ParOldGen       total 87552K, used 7671K [0x0000000081800000, 0x0000000086d80000, 0x00000000d5d80000)
  object space 87552K, 8% used [0x0000000081800000,0x0000000081f7de28,0x0000000086d80000)
 Metaspace       used 20670K, capacity 21118K, committed 21296K, reserved 1067008K
  class space    used 2729K, capacity 2867K, committed 2944K, reserved 1048576K
Event: 1.757 GC heap after
Heap after GC invocations=5 (full 0):
 PSYoungGen      total 138240K, used 4406K [0x00000000d5d80000, 0x00000000e7680000, 0x0000000100000000)
  eden space 133120K, 0% used [0x00000000d5d80000,0x00000000d5d80000,0x00000000ddf80000)
  from space 5120K, 86% used [0x00000000ddf80000,0x00000000de3cdb20,0x00000000de480000)
  to   space 10752K, 0% used [0x00000000e6c00000,0x00000000e6c00000,0x00000000e7680000)
 ParOldGen       total 87552K, used 7679K [0x0000000081800000, 0x0000000086d80000, 0x00000000d5d80000)
  object space 87552K, 8% used [0x0000000081800000,0x0000000081f7fe28,0x0000000086d80000)
 Metaspace       used 20670K, capacity 21118K, committed 21296K, reserved 1067008K
  class space    used 2729K, capacity 2867K, committed 2944K, reserved 1048576K
}
Event: 1.757 GC heap before
{Heap before GC invocations=6 (full 1):
 PSYoungGen      total 138240K, used 4406K [0x00000000d5d80000, 0x00000000e7680000, 0x0000000100000000)
  eden space 133120K, 0% used [0x00000000d5d80000,0x00000000d5d80000,0x00000000ddf80000)
  from space 5120K, 86% used [0x00000000ddf80000,0x00000000de3cdb20,0x00000000de480000)
  to   space 10752K, 0% used [0x00000000e6c00000,0x00000000e6c00000,0x00000000e7680000)
 ParOldGen       total 87552K, used 7679K [0x0000000081800000, 0x0000000086d80000, 0x00000000d5d80000)
  object space 87552K, 8% used [0x0000000081800000,0x0000000081f7fe28,0x0000000086d80000)
 Metaspace       used 20670K, capacity 21118K, committed 21296K, reserved 1067008K
  class space    used 2729K, capacity 2867K, committed 2944K, reserved 1048576K
Event: 1.797 GC heap after
Heap after GC invocations=6 (full 1):
 PSYoungGen      total 138240K, used 0K [0x00000000d5d80000, 0x00000000e7680000, 0x0000000100000000)
  eden space 133120K, 0% used [0x00000000d5d80000,0x00000000d5d80000,0x00000000ddf80000)
  from space 5120K, 0% used [0x00000000ddf80000,0x00000000ddf80000,0x00000000de480000)
  to   space 10752K, 0% used [0x00000000e6c00000,0x00000000e6c00000,0x00000000e7680000)
 ParOldGen       total 52736K, used 4788K [0x0000000081800000, 0x0000000084b80000, 0x00000000d5d80000)
  object space 52736K, 9% used [0x0000000081800000,0x0000000081cad338,0x0000000084b80000)
 Metaspace       used 20670K, capacity 21118K, committed 21296K, reserved 1067008K
  class space    used 2729K, capacity 2867K, committed 2944K, reserved 1048576K
}
Event: 3.833 GC heap before
{Heap before GC invocations=7 (full 1):
 PSYoungGen      total 138240K, used 133120K [0x00000000d5d80000, 0x00000000e7680000, 0x0000000100000000)
  eden space 133120K, 100% used [0x00000000d5d80000,0x00000000ddf80000,0x00000000ddf80000)
  from space 5120K, 0% used [0x00000000ddf80000,0x00000000ddf80000,0x00000000de480000)
  to   space 10752K, 0% used [0x00000000e6c00000,0x00000000e6c00000,0x00000000e7680000)
 ParOldGen       total 52736K, used 4788K [0x0000000081800000, 0x0000000084b80000, 0x00000000d5d80000)
  object space 52736K, 9% used [0x0000000081800000,0x0000000081cad338,0x0000000084b80000)
 Metaspace       used 31268K, capacity 32402K, committed 32640K, reserved 1077248K
  class space    used 4168K, capacity 4421K, committed 4480K, reserved 1048576K
Event: 3.857 GC heap after
Heap after GC invocations=7 (full 1):
 PSYoungGen      total 234496K, used 10732K [0x00000000d5d80000, 0x00000000e7680000, 0x0000000100000000)
  eden space 223744K, 0% used [0x00000000d5d80000,0x00000000d5d80000,0x00000000e3800000)
  from space 10752K, 99% used [0x00000000e6c00000,0x00000000e767b3f0,0x00000000e7680000)
  to   space 14336K, 0% used [0x00000000e5a80000,0x00000000e5a80000,0x00000000e6880000)
 ParOldGen       total 52736K, used 7311K [0x0000000081800000, 0x0000000084b80000, 0x00000000d5d80000)
  object space 52736K, 13% used [0x0000000081800000,0x0000000081f23c68,0x0000000084b80000)
 Metaspace       used 31268K, capacity 32402K, committed 32640K, reserved 1077248K
  class space    used 4168K, capacity 4421K, committed 4480K, reserved 1048576K
}
Event: 4.688 GC heap before
{Heap before GC invocations=8 (full 1):
 PSYoungGen      total 234496K, used 76991K [0x00000000d5d80000, 0x00000000e7680000, 0x0000000100000000)
  eden space 223744K, 29% used [0x00000000d5d80000,0x00000000d9e34820,0x00000000e3800000)
  from space 10752K, 99% used [0x00000000e6c00000,0x00000000e767b3f0,0x00000000e7680000)
  to   space 14336K, 0% used [0x00000000e5a80000,0x00000000e5a80000,0x00000000e6880000)
 ParOldGen       total 52736K, used 7311K [0x0000000081800000, 0x0000000084b80000, 0x00000000d5d80000)
  object space 52736K, 13% used [0x0000000081800000,0x0000000081f23c68,0x0000000084b80000)
 Metaspace       used 34107K, capacity 35485K, committed 35496K, reserved 1079296K
  class space    used 4521K, capacity 4776K, committed 4776K, reserved 1048576K
Event: 4.708 GC heap after
Heap after GC invocations=8 (full 1):
 PSYoungGen      total 273408K, used 9589K [0x00000000d5d80000, 0x00000000ee200000, 0x0000000100000000)
  eden space 259072K, 0% used [0x00000000d5d80000,0x00000000d5d80000,0x00000000e5a80000)
  from space 14336K, 66% used [0x00000000e5a80000,0x00000000e63dd7c8,0x00000000e6880000)
  to   space 14336K, 0% used [0x00000000ed400000,0x00000000ed400000,0x00000000ee200000)
 ParOldGen       total 52736K, used 7383K [0x0000000081800000, 0x0000000084b80000, 0x00000000d5d80000)
  object space 52736K, 14% used [0x0000000081800000,0x0000000081f35c78,0x0000000084b80000)
 Metaspace       used 34107K, capacity 35485K, committed 35496K, reserved 1079296K
  class space    used 4521K, capacity 4776K, committed 4776K, reserved 1048576K
}
Event: 4.708 GC heap before
{Heap before GC invocations=9 (full 2):
 PSYoungGen      total 273408K, used 9589K [0x00000000d5d80000, 0x00000000ee200000, 0x0000000100000000)
  eden space 259072K, 0% used [0x00000000d5d80000,0x00000000d5d80000,0x00000000e5a80000)
  from space 14336K, 66% used [0x00000000e5a80000,0x00000000e63dd7c8,0x00000000e6880000)
  to   space 14336K, 0% used [0x00000000ed400000,0x00000000ed400000,0x00000000ee200000)
 ParOldGen       total 52736K, used 7383K [0x0000000081800000, 0x0000000084b80000, 0x00000000d5d80000)
  object space 52736K, 14% used [0x0000000081800000,0x0000000081f35c78,0x0000000084b80000)
 Metaspace       used 34107K, capacity 35485K, committed 35496K, reserved 1079296K
  class space    used 4521K, capacity 4776K, committed 4776K, reserved 1048576K
Event: 4.844 GC heap after
Heap after GC invocations=9 (full 2):
 PSYoungGen      total 273408K, used 0K [0x00000000d5d80000, 0x00000000ee200000, 0x0000000100000000)
  eden space 259072K, 0% used [0x00000000d5d80000,0x00000000d5d80000,0x00000000e5a80000)
  from space 14336K, 0% used [0x00000000e5a80000,0x00000000e5a80000,0x00000000e6880000)
  to   space 14336K, 0% used [0x00000000ed400000,0x00000000ed400000,0x00000000ee200000)
 ParOldGen       total 52736K, used 14064K [0x0000000081800000, 0x0000000084b80000, 0x00000000d5d80000)
  object space 52736K, 26% used [0x0000000081800000,0x00000000825bc368,0x0000000084b80000)
 Metaspace       used 34107K, capacity 35485K, committed 35496K, reserved 1079296K
  class space    used 4521K, capacity 4776K, committed 4776K, reserved 1048576K
}

Deoptimization events (10 events):
Event: 6.106 Thread 0x0000000002585800 Uncommon trap: reason=unstable_if action=reinterpret pc=0x0000000002ee031c method=org.springframework.util.ObjectUtils.nullSafeEquals(Ljava/lang/Object;Ljava/lang/Object;)Z @ 8
Event: 6.119 Thread 0x0000000002585800 Uncommon trap: reason=unstable_if action=reinterpret pc=0x00000000028aae94 method=java.lang.AbstractStringBuilder.append(Ljava/lang/String;)Ljava/lang/AbstractStringBuilder; @ 1
Event: 6.177 Thread 0x0000000002585800 Uncommon trap: reason=unstable_if action=reinterpret pc=0x0000000002807508 method=java.util.regex.Pattern$Slice.match(Ljava/util/regex/Matcher;ILjava/lang/CharSequence;)Z @ 29
Event: 6.184 Thread 0x0000000002585800 Uncommon trap: reason=unstable_if action=reinterpret pc=0x0000000002e62a5c method=java.util.LinkedHashMap.afterNodeInsertion(Z)V @ 18
Event: 6.602 Thread 0x0000000002585800 Uncommon trap: reason=class_check action=maybe_recompile pc=0x00000000027a9820 method=java.util.Properties$LineReader.readLine()I @ 62
Event: 6.602 Thread 0x0000000002585800 Uncommon trap: reason=unstable_if action=reinterpret pc=0x00000000033a9134 method=java.util.Properties$LineReader.readLine()I @ 174
Event: 6.602 Thread 0x0000000002585800 Uncommon trap: reason=class_check action=maybe_recompile pc=0x00000000027a9820 method=java.util.Properties$LineReader.readLine()I @ 62
Event: 6.603 Thread 0x0000000002585800 Uncommon trap: reason=unstable_if action=reinterpret pc=0x0000000002968660 method=java.net.URI.match(CJJ)Z @ 45
Event: 6.847 Thread 0x0000000002585800 Uncommon trap: reason=unstable_if action=reinterpret pc=0x0000000002f9fabc method=java.lang.CharacterDataLatin1.isWhitespace(I)Z @ 14
Event: 6.847 Thread 0x0000000002585800 Uncommon trap: reason=unstable_if action=reinterpret pc=0x000000000297973c method=java.lang.CharacterDataLatin1.isWhitespace(I)Z @ 14

Internal exceptions (10 events):
Event: 6.161 Thread 0x0000000002585800 Exception <a 'java/lang/ClassNotFoundException': org/springframework/context/ApplicationListenerCustomizer> (0x00000000db995d88) thrown at [C:\re\workspace\8-2-build-windows-amd64-cygwin\jdk8u144\9417\hotspot\src\share\vm\classfile\systemDictionary.cpp, l
Event: 6.162 Thread 0x0000000002585800 Exception <a 'java/lang/ClassNotFoundException': org/springframework/beans/factory/InitializingBeanCustomizer> (0x00000000db9ac8f0) thrown at [C:\re\workspace\8-2-build-windows-amd64-cygwin\jdk8u144\9417\hotspot\src\share\vm\classfile\systemDictionary.cpp
Event: 6.169 Thread 0x0000000002585800 Exception <a 'java/lang/ClassNotFoundException': java/lang/ObjectCustomizer> (0x00000000db9e4070) thrown at [C:\re\workspace\8-2-build-windows-amd64-cygwin\jdk8u144\9417\hotspot\src\share\vm\classfile\systemDictionary.cpp, line 210]
Event: 6.170 Thread 0x0000000002585800 Exception <a 'java/lang/ClassNotFoundException': org/springframework/boot/autoconfigure/liquibase/LiquibasePropertiesCustomizer> (0x00000000dba017e0) thrown at [C:\re\workspace\8-2-build-windows-amd64-cygwin\jdk8u144\9417\hotspot\src\share\vm\classfile\sy
Event: 6.532 Thread 0x0000000002585800 Exception <a 'java/lang/ClassNotFoundException': java/lang/ObjectCustomizer> (0x00000000de7398e0) thrown at [C:\re\workspace\8-2-build-windows-amd64-cygwin\jdk8u144\9417\hotspot\src\share\vm\classfile\systemDictionary.cpp, line 210]
Event: 6.532 Thread 0x0000000002585800 Exception <a 'java/lang/ClassNotFoundException': liquibase/integration/spring/SpringLiquibaseCustomizer> (0x00000000de7510c0) thrown at [C:\re\workspace\8-2-build-windows-amd64-cygwin\jdk8u144\9417\hotspot\src\share\vm\classfile\systemDictionary.cpp, line
Event: 6.533 Thread 0x0000000002585800 Exception <a 'java/lang/ClassNotFoundException': org/comeia/project/config/LiquibaseConfigCustomizer> (0x00000000de782f40) thrown at [C:\re\workspace\8-2-build-windows-amd64-cygwin\jdk8u144\9417\hotspot\src\share\vm\classfile\systemDictionary.cpp, line 21
Event: 6.534 Thread 0x0000000002585800 Exception <a 'java/lang/ClassNotFoundException': org/springframework/beans/factory/InitializingBeanCustomizer> (0x00000000de7a5ef8) thrown at [C:\re\workspace\8-2-build-windows-amd64-cygwin\jdk8u144\9417\hotspot\src\share\vm\classfile\systemDictionary.cpp
Event: 6.535 Thread 0x0000000002585800 Exception <a 'java/lang/ClassNotFoundException': org/springframework/beans/factory/BeanNameAwareCustomizer> (0x00000000de7bb0f8) thrown at [C:\re\workspace\8-2-build-windows-amd64-cygwin\jdk8u144\9417\hotspot\src\share\vm\classfile\systemDictionary.cpp, l
Event: 6.536 Thread 0x0000000002585800 Exception <a 'java/lang/ClassNotFoundException': org/springframework/context/ResourceLoaderAwareCustomizer> (0x00000000de7d0aa8) thrown at [C:\re\workspace\8-2-build-windows-amd64-cygwin\jdk8u144\9417\hotspot\src\share\vm\classfile\systemDictionary.cpp, l

Events (10 events):
Event: 6.890 loading class com/zaxxer/hikari/pool/ProxyLeakTask
Event: 6.890 loading class com/zaxxer/hikari/pool/ProxyLeakTask done
Event: 6.890 loading class com/zaxxer/hikari/pool/ProxyLeakTask$1
Event: 6.890 loading class com/zaxxer/hikari/pool/ProxyLeakTask$1 done
Event: 6.891 loading class com/zaxxer/hikari/pool/ProxyFactory
Event: 6.891 loading class com/zaxxer/hikari/pool/ProxyFactory done
Event: 6.891 loading class com/zaxxer/hikari/pool/ProxyConnection
Event: 6.891 loading class com/zaxxer/hikari/pool/ProxyConnection done
Event: 6.892 loading class com/zaxxer/hikari/pool/HikariProxyConnection
Event: 6.892 loading class com/zaxxer/hikari/pool/HikariProxyConnection done


Dynamic libraries:
0x00007ff6876c0000 - 0x00007ff6876f7000 	C:\Program Files\Java\jdk1.8.0_144\bin\javaw.exe
0x00007ffa46540000 - 0x00007ffa46730000 	C:\WINDOWS\SYSTEM32\ntdll.dll
0x00007ffa45ef0000 - 0x00007ffa45fa2000 	C:\WINDOWS\System32\KERNEL32.DLL
0x00007ffa442d0000 - 0x00007ffa44574000 	C:\WINDOWS\System32\KERNELBASE.dll
0x00007ffa45e40000 - 0x00007ffa45ee3000 	C:\WINDOWS\System32\ADVAPI32.dll
0x00007ffa44b40000 - 0x00007ffa44bde000 	C:\WINDOWS\System32\msvcrt.dll
0x00007ffa44f20000 - 0x00007ffa44fb7000 	C:\WINDOWS\System32\sechost.dll
0x00007ffa45a70000 - 0x00007ffa45b90000 	C:\WINDOWS\System32\RPCRT4.dll
0x00007ffa449a0000 - 0x00007ffa44b34000 	C:\WINDOWS\System32\USER32.dll
0x00007ffa434d0000 - 0x00007ffa434f1000 	C:\WINDOWS\System32\win32u.dll
0x00007ffa44600000 - 0x00007ffa44626000 	C:\WINDOWS\System32\GDI32.dll
0x00007ffa43f30000 - 0x00007ffa440c4000 	C:\WINDOWS\System32\gdi32full.dll
0x00007ffa43ce0000 - 0x00007ffa43d7e000 	C:\WINDOWS\System32\msvcp_win.dll
0x00007ffa43e00000 - 0x00007ffa43efa000 	C:\WINDOWS\System32\ucrtbase.dll
0x00007ffa30920000 - 0x00007ffa30ba4000 	C:\WINDOWS\WinSxS\amd64_microsoft.windows.common-controls_6595b64144ccf1df_6.0.18362.836_none_e6c4b943130f18ed\COMCTL32.dll
0x00007ffa44be0000 - 0x00007ffa44f16000 	C:\WINDOWS\System32\combase.dll
0x00007ffa43d80000 - 0x00007ffa43e00000 	C:\WINDOWS\System32\bcryptPrimitives.dll
0x00007ffa45d60000 - 0x00007ffa45d8e000 	C:\WINDOWS\System32\IMM32.DLL
0x0000000077560000 - 0x0000000077632000 	C:\Program Files\Java\jdk1.8.0_144\jre\bin\msvcr100.dll
0x00000000761b0000 - 0x0000000076a4d000 	C:\Program Files\Java\jdk1.8.0_144\jre\bin\server\jvm.dll
0x00007ffa44990000 - 0x00007ffa44998000 	C:\WINDOWS\System32\PSAPI.DLL
0x00007ffa27730000 - 0x00007ffa27739000 	C:\WINDOWS\SYSTEM32\WSOCK32.dll
0x00007ffa45b90000 - 0x00007ffa45bff000 	C:\WINDOWS\System32\WS2_32.dll
0x00007ffa41520000 - 0x00007ffa41544000 	C:\WINDOWS\SYSTEM32\WINMM.dll
0x00007ffa3e2e0000 - 0x00007ffa3e2ea000 	C:\WINDOWS\SYSTEM32\VERSION.dll
0x00007ffa414f0000 - 0x00007ffa4151d000 	C:\WINDOWS\SYSTEM32\WINMMBASE.dll
0x00007ffa445a0000 - 0x00007ffa445ea000 	C:\WINDOWS\System32\cfgmgr32.dll
0x0000000050000000 - 0x000000005000f000 	C:\Program Files\Java\jdk1.8.0_144\jre\bin\verify.dll
0x0000000077530000 - 0x0000000077559000 	C:\Program Files\Java\jdk1.8.0_144\jre\bin\java.dll
0x0000000077510000 - 0x0000000077526000 	C:\Program Files\Java\jdk1.8.0_144\jre\bin\zip.dll
0x00007ffa451c0000 - 0x00007ffa458a4000 	C:\WINDOWS\System32\SHELL32.dll
0x00007ffa45d90000 - 0x00007ffa45e39000 	C:\WINDOWS\System32\shcore.dll
0x00007ffa43560000 - 0x00007ffa43cde000 	C:\WINDOWS\System32\windows.storage.dll
0x00007ffa434a0000 - 0x00007ffa434c3000 	C:\WINDOWS\System32\profapi.dll
0x00007ffa43430000 - 0x00007ffa4347a000 	C:\WINDOWS\System32\powrprof.dll
0x00007ffa43400000 - 0x00007ffa43410000 	C:\WINDOWS\System32\UMPDC.dll
0x00007ffa45fb0000 - 0x00007ffa46002000 	C:\WINDOWS\System32\shlwapi.dll
0x00007ffa43410000 - 0x00007ffa43421000 	C:\WINDOWS\System32\kernel.appcore.dll
0x00007ffa44580000 - 0x00007ffa44597000 	C:\WINDOWS\System32\cryptsp.dll
0x0000000077500000 - 0x000000007750d000 	C:\Program Files\Java\jdk1.8.0_144\jre\bin\management.dll
0x00000000774e0000 - 0x00000000774fa000 	C:\Program Files\Java\jdk1.8.0_144\jre\bin\net.dll
0x00007ffa42c10000 - 0x00007ffa42c77000 	C:\WINDOWS\system32\mswsock.dll
0x00007ffa2e2a0000 - 0x00007ffa2e2b6000 	C:\WINDOWS\system32\napinsp.dll
0x00007ffa2e280000 - 0x00007ffa2e29a000 	C:\WINDOWS\system32\pnrpnsp.dll
0x00007ffa42960000 - 0x00007ffa42a2b000 	C:\WINDOWS\SYSTEM32\DNSAPI.dll
0x00007ffa445f0000 - 0x00007ffa445f8000 	C:\WINDOWS\System32\NSI.dll
0x00007ffa42920000 - 0x00007ffa4295a000 	C:\WINDOWS\SYSTEM32\IPHLPAPI.DLL
0x00007ffa2e270000 - 0x00007ffa2e27e000 	C:\WINDOWS\System32\winrnr.dll
0x00007ffa3fc50000 - 0x00007ffa3fc6c000 	C:\WINDOWS\system32\NLAapi.dll
0x00007ffa2e250000 - 0x00007ffa2e265000 	C:\WINDOWS\system32\wshbth.dll
0x00007ffa34750000 - 0x00007ffa3475a000 	C:\Windows\System32\rasadhlp.dll
0x00007ffa3c870000 - 0x00007ffa3c8e7000 	C:\WINDOWS\System32\fwpuclnt.dll
0x00007ffa43f00000 - 0x00007ffa43f26000 	C:\WINDOWS\System32\bcrypt.dll
0x00000000774c0000 - 0x00000000774d1000 	C:\Program Files\Java\jdk1.8.0_144\jre\bin\nio.dll
0x00007ffa42780000 - 0x00007ffa427b3000 	C:\WINDOWS\system32\rsaenh.dll
0x00007ffa43320000 - 0x00007ffa43345000 	C:\WINDOWS\SYSTEM32\USERENV.dll
0x00007ffa42de0000 - 0x00007ffa42dec000 	C:\WINDOWS\SYSTEM32\CRYPTBASE.dll
0x00007ffa3c9b0000 - 0x00007ffa3c9c6000 	C:\WINDOWS\SYSTEM32\dhcpcsvc6.DLL
0x00007ffa3cdd0000 - 0x00007ffa3cdec000 	C:\WINDOWS\SYSTEM32\dhcpcsvc.DLL

VM Arguments:
jvm_args: -Dfile.encoding=UTF-8 
java_command: org.comeia.project.App
java_class_path (initial): C:\Breno usuário\eclipse\architecture-example\target\classes;C:\Users\breno\Downloads\apache\apache-maven-3.6.3\org\springframework\boot\spring-boot-starter-web\2.0.5.RELEASE\spring-boot-starter-web-2.0.5.RELEASE.jar;C:\Users\breno\Downloads\apache\apache-maven-3.6.3\org\springframework\boot\spring-boot-starter\2.0.5.RELEASE\spring-boot-starter-2.0.5.RELEASE.jar;C:\Users\breno\Downloads\apache\apache-maven-3.6.3\org\springframework\boot\spring-boot\2.0.5.RELEASE\spring-boot-2.0.5.RELEASE.jar;C:\Users\breno\Downloads\apache\apache-maven-3.6.3\org\springframework\boot\spring-boot-autoconfigure\2.0.5.RELEASE\spring-boot-autoconfigure-2.0.5.RELEASE.jar;C:\Users\breno\Downloads\apache\apache-maven-3.6.3\org\springframework\boot\spring-boot-starter-logging\2.0.5.RELEASE\spring-boot-starter-logging-2.0.5.RELEASE.jar;C:\Users\breno\Downloads\apache\apache-maven-3.6.3\ch\qos\logback\logback-classic\1.2.3\logback-classic-1.2.3.jar;C:\Users\breno\Downloads\apache\apache-maven-3.6.3\ch\qos\logback\logback-core\1.2.3\logback-core-1.2.3.jar;C:\Users\breno\Downloads\apache\apache-maven-3.6.3\org\apache\logging\log4j\log4j-to-slf4j\2.10.0\log4j-to-slf4j-2.10.0.jar;C:\Users\breno\Downloads\apache\apache-maven-3.6.3\org\apache\logging\log4j\log4j-api\2.10.0\log4j-api-2.10.0.jar;C:\Users\breno\Downloads\apache\apache-maven-3.6.3\org\slf4j\jul-to-slf4j\1.7.25\jul-to-slf4j-1.7.25.jar;C:\Users\breno\Downloads\apache\apache-maven-3.6.3\javax\annotation\javax.annotation-api\1.3.2\javax.annotation-api-1.3.2.jar;C:\Users\breno\Downloads\apache\apache-maven-3.6.3\org\springframework\boot\spring-boot-starter-json\2.0.5.RELEASE\spring-boot-starter-json-2.0.5.RELEASE.jar;C:\Users\breno\Downloads\apache\apache-maven-3.6.3\com\fasterxml\jackson\datatype\jackson-datatype-jdk8\2.9.6\jackson-datatype-jdk8-2.9.6.jar;C:\Users\breno\Downloads\apache\apache-maven-3.6.3\com\fasterxml\jackson\datatype\jackson-datatype-jsr310\2.9.6\jackson-datatype-jsr310-2.9.6.jar;C:\Users\bren
Launcher Type: SUN_STANDARD

Environment Variables:
JAVA_HOME=C:\Program Files\Java\jdk1.8.0_231\
PATH=C:/Program Files/Java/jre1.8.0_231/bin/server;C:/Program Files/Java/jre1.8.0_231/bin;C:/Program Files/Java/jre1.8.0_231/lib/amd64;C:\Python38\Scripts\;C:\Python38\;C:\Program Files (x86)\Common Files\Oracle\Java\javapath;C:\Program Files (x86)\Common Files\;C:\Users\breno\Downloads\arquivos raphael\apache-maven-3.5.2\bin;C:\Program Files (x86)\Intel\Intel(R) Management Engine Components\DAL;C:\Program Files\Intel\Intel(R) Management Engine Components\DAL;C:\Program Files\Java\jdk1.8.0_231\bin;";C:\Users\breno\Downloads\arquivos raphael\apache-maven-3.5.2\bin";"C:\WINDOWS;";"C:\WINDOWS\system32;";C:\Program Files\nodejs;C:\ProgramData\chocolatey\bin;C:\Program Files\nodejs\;C:\Users\breno\AppData\Local\Microsoft\WindowsApps;C:\Program Files\JetBrains\IntelliJ IDEA 2020.1\bin;;C:\Program Files\nodejs;C:\Users\breno\AppData\Roaming\npm;C:\Users\breno\AppData\Local\Programs\Microsoft VS Code\bin;C:\Users\breno\eclipse\java-2020-032\eclipse;
USERNAME=breno
OS=Windows_NT
PROCESSOR_IDENTIFIER=Intel64 Family 6 Model 142 Stepping 9, GenuineIntel



---------------  S Y S T E M  ---------------

OS: Windows 10.0 , 64 bit Build 18362 (10.0.18362.778)

CPU:total 4 (initial active 4) (2 cores per cpu, 2 threads per core) family 6 model 142 stepping 9, cmov, cx8, fxsr, mmx, sse, sse2, sse3, ssse3, sse4.1, sse4.2, popcnt, avx, avx2, aes, clmul, erms, 3dnowpref, lzcnt, ht, tsc, tscinvbit, bmi1, bmi2, adx

Memory: 4k page, physical 8284916k(1247560k free), swap 10230516k(5804k free)

vm_info: Java HotSpot(TM) 64-Bit Server VM (25.144-b01) for windows-amd64 JRE (1.8.0_144-b01), built on Jul 21 2017 21:57:33 by "java_re" with MS VC++ 10.0 (VS2010)

time: Sun May 31 16:21:56 2020
elapsed time: 6 seconds (0d 0h 0m 6s)

